8-9-2014 3:25:56.511 [mod_webserver:244] handle_request req:{mochiweb_request,
                                        [#Port<0.1650>,'GET',
                                         "/user/?msg=1002",
                                         {1,1},
                                         {6,
                                          {"host",
                                           {'Host',"127.0.0.1:8088"},
                                           {"connection",
                                            {'Connection',"keep-alive"},
                                            {"accept",
                                             {'Accept',
                                              "text/html,application/xhtml+xml,application/xml;q=0.9,image/webp,*/*;q=0.8"},
                                             nil,
                                             {"accept-encoding",
                                              {'Accept-Encoding',
                                               "gzip,deflate,sdch"},
                                              nil,
                                              {"accept-language",
                                               {'Accept-Language',
                                                "zh-CN,zh;q=0.8"},
                                               nil,nil}}},
                                            nil},
                                           {"user-agent",
                                            {'User-Agent',
                                             "Mozilla/5.0 (Windows NT 6.3; WOW64) AppleWebKit/537.36 (KHTML, like Gecko) Chrome/37.0.2062.103 Safari/537.36"},
                                            nil,nil}}}]}
, 
QS:[{"msg","1002"}]

8-9-2014 3:25:56.558 [mod_webserver:244] handle_request req:{mochiweb_request,
                                        [#Port<0.1650>,'GET',"/favicon.ico",
                                         {1,1},
                                         {6,
                                          {"host",
                                           {'Host',"127.0.0.1:8088"},
                                           {"connection",
                                            {'Connection',"keep-alive"},
                                            {"accept",
                                             {'Accept',"*/*"},
                                             nil,
                                             {"accept-encoding",
                                              {'Accept-Encoding',
                                               "gzip,deflate,sdch"},
                                              nil,
                                              {"accept-language",
                                               {'Accept-Language',
                                                "zh-CN,zh;q=0.8"},
                                               nil,nil}}},
                                            nil},
                                           {"user-agent",
                                            {'User-Agent',
                                             "Mozilla/5.0 (Windows NT 6.3; WOW64) AppleWebKit/537.36 (KHTML, like Gecko) Chrome/37.0.2062.103 Safari/537.36"},
                                            nil,nil}}}]}
, 
QS:[]

8-9-2014 3:26:24.542 [mod_webserver:244] handle_request req:{mochiweb_request,
                                        [#Port<0.1650>,'GET',
                                         "/user/?msg=1002&user_id=333666",
                                         {1,1},
                                         {6,
                                          {"host",
                                           {'Host',"127.0.0.1:8088"},
                                           {"connection",
                                            {'Connection',"keep-alive"},
                                            {"accept",
                                             {'Accept',
                                              "text/html,application/xhtml+xml,application/xml;q=0.9,image/webp,*/*;q=0.8"},
                                             nil,
                                             {"accept-encoding",
                                              {'Accept-Encoding',
                                               "gzip,deflate,sdch"},
                                              nil,
                                              {"accept-language",
                                               {'Accept-Language',
                                                "zh-CN,zh;q=0.8"},
                                               nil,nil}}},
                                            nil},
                                           {"user-agent",
                                            {'User-Agent',
                                             "Mozilla/5.0 (Windows NT 6.3; WOW64) AppleWebKit/537.36 (KHTML, like Gecko) Chrome/37.0.2062.103 Safari/537.36"},
                                            nil,nil}}}]}
, 
QS:[{"msg","1002"},{"user_id","333666"}]

8-9-2014 3:27:5.323 [mod_webserver:244] handle_request req:{mochiweb_request,
                                        [#Port<0.1754>,'GET',
                                         "/user/?msg=1002&user_id=333666",
                                         {1,1},
                                         {6,
                                          {"host",
                                           {'Host',"127.0.0.1:8088"},
                                           {"connection",
                                            {'Connection',"keep-alive"},
                                            {"accept",
                                             {'Accept',
                                              "text/html,application/xhtml+xml,application/xml;q=0.9,image/webp,*/*;q=0.8"},
                                             nil,
                                             {"accept-encoding",
                                              {'Accept-Encoding',
                                               "gzip,deflate,sdch"},
                                              nil,
                                              {"accept-language",
                                               {'Accept-Language',
                                                "zh-CN,zh;q=0.8"},
                                               nil,nil}}},
                                            nil},
                                           {"user-agent",
                                            {'User-Agent',
                                             "Mozilla/5.0 (Windows NT 6.3; WOW64) AppleWebKit/537.36 (KHTML, like Gecko) Chrome/37.0.2062.103 Safari/537.36"},
                                            nil,nil}}}]}
, 
QS:[{"msg","1002"},{"user_id","333666"}]

8-9-2014 3:27:5.339 [mod_webserver:244] handle_request req:{mochiweb_request,
                                        [#Port<0.1812>,'GET',
                                         "/user/?msg=1002&user_id=3333666",
                                         {1,1},
                                         {6,
                                          {"host",
                                           {'Host',"127.0.0.1:8088"},
                                           {"connection",
                                            {'Connection',"keep-alive"},
                                            {"accept",
                                             {'Accept',
                                              "text/html,application/xhtml+xml,application/xml;q=0.9,image/webp,*/*;q=0.8"},
                                             nil,
                                             {"accept-encoding",
                                              {'Accept-Encoding',
                                               "gzip,deflate,sdch"},
                                              nil,
                                              {"accept-language",
                                               {'Accept-Language',
                                                "zh-CN,zh;q=0.8"},
                                               nil,nil}}},
                                            nil},
                                           {"user-agent",
                                            {'User-Agent',
                                             "Mozilla/5.0 (Windows NT 6.3; WOW64) AppleWebKit/537.36 (KHTML, like Gecko) Chrome/37.0.2062.103 Safari/537.36"},
                                            nil,nil}}}]}
, 
QS:[{"msg","1002"},{"user_id","3333666"}]

8-9-2014 3:27:5.417 [mod_webserver:244] handle_request req:{mochiweb_request,
                                        [#Port<0.1812>,'GET',"/favicon.ico",
                                         {1,1},
                                         {6,
                                          {"host",
                                           {'Host',"127.0.0.1:8088"},
                                           {"connection",
                                            {'Connection',"keep-alive"},
                                            {"accept",
                                             {'Accept',"*/*"},
                                             nil,
                                             {"accept-encoding",
                                              {'Accept-Encoding',
                                               "gzip,deflate,sdch"},
                                              nil,
                                              {"accept-language",
                                               {'Accept-Language',
                                                "zh-CN,zh;q=0.8"},
                                               nil,nil}}},
                                            nil},
                                           {"user-agent",
                                            {'User-Agent',
                                             "Mozilla/5.0 (Windows NT 6.3; WOW64) AppleWebKit/537.36 (KHTML, like Gecko) Chrome/37.0.2062.103 Safari/537.36"},
                                            nil,nil}}}]}
, 
QS:[]

8-9-2014 3:27:12.571 [mod_webserver:244] handle_request req:{mochiweb_request,
                                        [#Port<0.1650>,'GET',
                                         "/user/?msg=1002&user_id=3333666",
                                         {1,1},
                                         {7,
                                          {"host",
                                           {'Host',"127.0.0.1:8088"},
                                           {"connection",
                                            {'Connection',"keep-alive"},
                                            {"cache-control",
                                             {'Cache-Control',"max-age=0"},
                                             {"accept",
                                              {'Accept',
                                               "text/html,application/xhtml+xml,application/xml;q=0.9,image/webp,*/*;q=0.8"},
                                              nil,
                                              {"accept-encoding",
                                               {'Accept-Encoding',
                                                "gzip,deflate,sdch"},
                                               nil,
                                               {"accept-language",
                                                {'Accept-Language',
                                                 "zh-CN,zh;q=0.8"},
                                                nil,nil}}},
                                             nil},
                                            nil},
                                           {"user-agent",
                                            {'User-Agent',
                                             "Mozilla/5.0 (Windows NT 6.3; WOW64) AppleWebKit/537.36 (KHTML, like Gecko) Chrome/37.0.2062.103 Safari/537.36"},
                                            nil,nil}}}]}
, 
QS:[{"msg","1002"},{"user_id","3333666"}]

8-9-2014 3:27:12.602 [mod_webserver:244] handle_request req:{mochiweb_request,
                                        [#Port<0.1650>,'GET',"/favicon.ico",
                                         {1,1},
                                         {6,
                                          {"host",
                                           {'Host',"127.0.0.1:8088"},
                                           {"connection",
                                            {'Connection',"keep-alive"},
                                            {"accept",
                                             {'Accept',"*/*"},
                                             nil,
                                             {"accept-encoding",
                                              {'Accept-Encoding',
                                               "gzip,deflate,sdch"},
                                              nil,
                                              {"accept-language",
                                               {'Accept-Language',
                                                "zh-CN,zh;q=0.8"},
                                               nil,nil}}},
                                            nil},
                                           {"user-agent",
                                            {'User-Agent',
                                             "Mozilla/5.0 (Windows NT 6.3; WOW64) AppleWebKit/537.36 (KHTML, like Gecko) Chrome/37.0.2062.103 Safari/537.36"},
                                            nil,nil}}}]}
, 
QS:[]

8-9-2014 3:29:43.448 [mod_webserver:244] handle_request req:{mochiweb_request,
                                        [#Port<0.1650>,'GET',
                                         "/user/?msg=1002&user_id=3333666",
                                         {1,1},
                                         {7,
                                          {"host",
                                           {'Host',"127.0.0.1:8088"},
                                           {"connection",
                                            {'Connection',"keep-alive"},
                                            {"cache-control",
                                             {'Cache-Control',"max-age=0"},
                                             {"accept",
                                              {'Accept',
                                               "text/html,application/xhtml+xml,application/xml;q=0.9,image/webp,*/*;q=0.8"},
                                              nil,
                                              {"accept-encoding",
                                               {'Accept-Encoding',
                                                "gzip,deflate,sdch"},
                                               nil,
                                               {"accept-language",
                                                {'Accept-Language',
                                                 "zh-CN,zh;q=0.8"},
                                                nil,nil}}},
                                             nil},
                                            nil},
                                           {"user-agent",
                                            {'User-Agent',
                                             "Mozilla/5.0 (Windows NT 6.3; WOW64) AppleWebKit/537.36 (KHTML, like Gecko) Chrome/37.0.2062.103 Safari/537.36"},
                                            nil,nil}}}]}
, 
QS:[{"msg","1002"},{"user_id","3333666"}]

8-9-2014 3:29:43.479 [mod_webserver:244] handle_request req:{mochiweb_request,
                                        [#Port<0.1650>,'GET',"/favicon.ico",
                                         {1,1},
                                         {6,
                                          {"host",
                                           {'Host',"127.0.0.1:8088"},
                                           {"connection",
                                            {'Connection',"keep-alive"},
                                            {"accept",
                                             {'Accept',"*/*"},
                                             nil,
                                             {"accept-encoding",
                                              {'Accept-Encoding',
                                               "gzip,deflate,sdch"},
                                              nil,
                                              {"accept-language",
                                               {'Accept-Language',
                                                "zh-CN,zh;q=0.8"},
                                               nil,nil}}},
                                            nil},
                                           {"user-agent",
                                            {'User-Agent',
                                             "Mozilla/5.0 (Windows NT 6.3; WOW64) AppleWebKit/537.36 (KHTML, like Gecko) Chrome/37.0.2062.103 Safari/537.36"},
                                            nil,nil}}}]}
, 
QS:[]

8-9-2014 3:33:36.697 [mod_webserver:244] handle_request req:{mochiweb_request,
                                        [#Port<0.1650>,'GET',
                                         "/user/?msg=1002&user_id=7D6E1A60-23E9-4AA9-9B9A-5E711321226E",
                                         {1,1},
                                         {6,
                                          {"host",
                                           {'Host',"127.0.0.1:8088"},
                                           {"connection",
                                            {'Connection',"keep-alive"},
                                            {"accept",
                                             {'Accept',
                                              "text/html,application/xhtml+xml,application/xml;q=0.9,image/webp,*/*;q=0.8"},
                                             nil,
                                             {"accept-encoding",
                                              {'Accept-Encoding',
                                               "gzip,deflate,sdch"},
                                              nil,
                                              {"accept-language",
                                               {'Accept-Language',
                                                "zh-CN,zh;q=0.8"},
                                               nil,nil}}},
                                            nil},
                                           {"user-agent",
                                            {'User-Agent',
                                             "Mozilla/5.0 (Windows NT 6.3; WOW64) AppleWebKit/537.36 (KHTML, like Gecko) Chrome/37.0.2062.103 Safari/537.36"},
                                            nil,nil}}}]}
, 
QS:[{"msg","1002"},{"user_id","7D6E1A60-23E9-4AA9-9B9A-5E711321226E"}]

8-9-2014 3:33:36.744 [mod_webserver:244] handle_request req:{mochiweb_request,
                                        [#Port<0.1650>,'GET',"/favicon.ico",
                                         {1,1},
                                         {6,
                                          {"host",
                                           {'Host',"127.0.0.1:8088"},
                                           {"connection",
                                            {'Connection',"keep-alive"},
                                            {"accept",
                                             {'Accept',"*/*"},
                                             nil,
                                             {"accept-encoding",
                                              {'Accept-Encoding',
                                               "gzip,deflate,sdch"},
                                              nil,
                                              {"accept-language",
                                               {'Accept-Language',
                                                "zh-CN,zh;q=0.8"},
                                               nil,nil}}},
                                            nil},
                                           {"user-agent",
                                            {'User-Agent',
                                             "Mozilla/5.0 (Windows NT 6.3; WOW64) AppleWebKit/537.36 (KHTML, like Gecko) Chrome/37.0.2062.103 Safari/537.36"},
                                            nil,nil}}}]}
, 
QS:[]

8-9-2014 3:33:53.152 [mod_webserver:244] handle_request req:{mochiweb_request,
                                        [#Port<0.1650>,'GET',
                                         "/user/?msg=1002&user_id=7D6E1A60-23E9-4AA9-9B9A-5E711321226E",
                                         {1,1},
                                         {7,
                                          {"host",
                                           {'Host',"127.0.0.1:8088"},
                                           {"connection",
                                            {'Connection',"keep-alive"},
                                            {"cache-control",
                                             {'Cache-Control',"max-age=0"},
                                             {"accept",
                                              {'Accept',
                                               "text/html,application/xhtml+xml,application/xml;q=0.9,image/webp,*/*;q=0.8"},
                                              nil,
                                              {"accept-encoding",
                                               {'Accept-Encoding',
                                                "gzip,deflate,sdch"},
                                               nil,
                                               {"accept-language",
                                                {'Accept-Language',
                                                 "zh-CN,zh;q=0.8"},
                                                nil,nil}}},
                                             nil},
                                            nil},
                                           {"user-agent",
                                            {'User-Agent',
                                             "Mozilla/5.0 (Windows NT 6.3; WOW64) AppleWebKit/537.36 (KHTML, like Gecko) Chrome/37.0.2062.103 Safari/537.36"},
                                            nil,nil}}}]}
, 
QS:[{"msg","1002"},{"user_id","7D6E1A60-23E9-4AA9-9B9A-5E711321226E"}]

8-9-2014 3:33:53.168 [mod_webserver:244] handle_request req:{mochiweb_request,
                                        [#Port<0.1650>,'GET',"/favicon.ico",
                                         {1,1},
                                         {6,
                                          {"host",
                                           {'Host',"127.0.0.1:8088"},
                                           {"connection",
                                            {'Connection',"keep-alive"},
                                            {"accept",
                                             {'Accept',"*/*"},
                                             nil,
                                             {"accept-encoding",
                                              {'Accept-Encoding',
                                               "gzip,deflate,sdch"},
                                              nil,
                                              {"accept-language",
                                               {'Accept-Language',
                                                "zh-CN,zh;q=0.8"},
                                               nil,nil}}},
                                            nil},
                                           {"user-agent",
                                            {'User-Agent',
                                             "Mozilla/5.0 (Windows NT 6.3; WOW64) AppleWebKit/537.36 (KHTML, like Gecko) Chrome/37.0.2062.103 Safari/537.36"},
                                            nil,nil}}}]}
, 
QS:[]

