25-9-2014 0:24:52.185 [mod_increase_user:113] mod_increase_player handle_call is Info:get_new_id, Reason:badarith, Trace:[{mod_increase_user,
                                                                                                     do_call,
                                                                                                     3,
                                                                                                     [{file,
                                                                                                       "src/mod/increase/mod_increase_user.erl"},
                                                                                                      {line,
                                                                                                       180}]},
                                                                                                    {mod_increase_user,
                                                                                                     handle_call,
                                                                                                     3,
                                                                                                     [{file,
                                                                                                       "src/mod/increase/mod_increase_user.erl"},
                                                                                                      {line,
                                                                                                       109}]},
                                                                                                    {gen_server,
                                                                                                     handle_msg,
                                                                                                     5,
                                                                                                     [{file,
                                                                                                       "gen_server.erl"},
                                                                                                      {line,
                                                                                                       580}]},
                                                                                                    {proc_lib,
                                                                                                     init_p_do_apply,
                                                                                                     3,
                                                                                                     [{file,
                                                                                                       "proc_lib.erl"},
                                                                                                      {line,
                                                                                                       239}]}], State:{state,
                                                                                                                       <<"911531BA-89DF-40A9-A395-8D917B752EB5">>,
                                                                                                                       9999999}
25-9-2014 0:27:26.723 [mod_increase_user:113] mod_increase_player handle_call is Info:get_new_id, Reason:badarith, Trace:[{mod_increase_user,
                                                                                                     do_call,
                                                                                                     3,
                                                                                                     [{file,
                                                                                                       "src/mod/increase/mod_increase_user.erl"},
                                                                                                      {line,
                                                                                                       180}]},
                                                                                                    {mod_increase_user,
                                                                                                     handle_call,
                                                                                                     3,
                                                                                                     [{file,
                                                                                                       "src/mod/increase/mod_increase_user.erl"},
                                                                                                      {line,
                                                                                                       109}]},
                                                                                                    {gen_server,
                                                                                                     handle_msg,
                                                                                                     5,
                                                                                                     [{file,
                                                                                                       "gen_server.erl"},
                                                                                                      {line,
                                                                                                       580}]},
                                                                                                    {proc_lib,
                                                                                                     init_p_do_apply,
                                                                                                     3,
                                                                                                     [{file,
                                                                                                       "proc_lib.erl"},
                                                                                                      {line,
                                                                                                       239}]}], State:{state,
                                                                                                                       <<"911531BA-89DF-40A9-A395-8D917B752EB5">>,
                                                                                                                       9999999}
25-9-2014 0:27:31.540 [mod_increase_user:113] mod_increase_player handle_call is Info:get_new_id, Reason:badarith, Trace:[{mod_increase_user,
                                                                                                     do_call,
                                                                                                     3,
                                                                                                     [{file,
                                                                                                       "src/mod/increase/mod_increase_user.erl"},
                                                                                                      {line,
                                                                                                       180}]},
                                                                                                    {mod_increase_user,
                                                                                                     handle_call,
                                                                                                     3,
                                                                                                     [{file,
                                                                                                       "src/mod/increase/mod_increase_user.erl"},
                                                                                                      {line,
                                                                                                       109}]},
                                                                                                    {gen_server,
                                                                                                     handle_msg,
                                                                                                     5,
                                                                                                     [{file,
                                                                                                       "gen_server.erl"},
                                                                                                      {line,
                                                                                                       580}]},
                                                                                                    {proc_lib,
                                                                                                     init_p_do_apply,
                                                                                                     3,
                                                                                                     [{file,
                                                                                                       "proc_lib.erl"},
                                                                                                      {line,
                                                                                                       239}]}], State:{state,
                                                                                                                       <<"911531BA-89DF-40A9-A395-8D917B752EB5">>,
                                                                                                                       9999999}
