8-9-2014 1:55:20.627 [lib_callback_miidi:29] handle_miidi_callback req:IDFA:"7D6E1A60-23E9-4AA9-9B9A-5E711321226E"
, TrandNo:1035111
:AppName:undefined
 Cash:150

8-9-2014 1:55:23.908 [lib_callback_miidi:29] handle_miidi_callback req:IDFA:"7D6E1A60-23E9-4AA9-9B9A-5E711321226E"
, TrandNo:1035111
:AppName:undefined
 Cash:150

8-9-2014 1:55:25.096 [lib_callback_miidi:29] handle_miidi_callback req:IDFA:"7D6E1A60-23E9-4AA9-9B9A-5E711321226E"
, TrandNo:1035111
:AppName:undefined
 Cash:150

8-9-2014 1:55:26.174 [lib_callback_miidi:29] handle_miidi_callback req:IDFA:"7D6E1A60-23E9-4AA9-9B9A-5E711321226E"
, TrandNo:1035111
:AppName:undefined
 Cash:150

8-9-2014 1:57:40.932 [lib_callback_miidi:29] handle_miidi_callback req:IDFA:"7D6E1A60-23E9-4AA9-9B9A-5E711321226E"
, TrandNo:1035111
:AppName:[230,177,189,232,189,166,230,138,165,228,187,183]
 Cash:150

8-9-2014 2:10:6.996 [lib_callback_miidi:29] handle_miidi_callback req:IDFA:"7D6E1A60-23E9-4AA9-9B9A-5E711321226E"
, TrandNo:1035111
:AppName:[230,177,189,232,189,166,230,138,165,228,187,183]
 Cash:150

8-9-2014 2:11:45.358 [lib_callback_miidi:30] handle_miidi_callback req:IDFA:"7D6E1A60-23E9-4AA9-9B9A-5E711321226E"
, TrandNo:1035111
:AppName:[230,177,189,232,189,166,230,138,165,228,187,183]
 Cash:150

8-9-2014 2:12:43.202 [lib_callback_miidi:30] duplicate miidi trand req:IDFA:"7D6E1A60-23E9-4AA9-9B9A-5E711321226E"
, TrandNo:1035111
:AppName:[230,177,189,232,189,166,230,138,165,228,187,183]
 Cash:150

8-9-2014 17:20:7.939 [lib_callback_miidi:30] duplicate miidi trand req:IDFA:"8005655A-C66D-4E3D-814E-7021B077DFD0"
, TrandNo:1035111
:AppName:[230,177,189,232,189,166,230,138,165,228,187,183]
 Cash:150

8-9-2014 17:20:10.673 [lib_callback_miidi:30] duplicate miidi trand req:IDFA:"8005655A-C66D-4E3D-814E-7021B077DFD0"
, TrandNo:1035111
:AppName:[230,177,189,232,189,166,230,138,165,228,187,183]
 Cash:150

8-9-2014 17:20:12.126 [lib_callback_miidi:30] duplicate miidi trand req:IDFA:"8005655A-C66D-4E3D-814E-7021B077DFD0"
, TrandNo:1035111
:AppName:[230,177,189,232,189,166,230,138,165,228,187,183]
 Cash:150

8-9-2014 17:20:13.298 [lib_callback_miidi:30] duplicate miidi trand req:IDFA:"8005655A-C66D-4E3D-814E-7021B077DFD0"
, TrandNo:1035111
:AppName:[230,177,189,232,189,166,230,138,165,228,187,183]
 Cash:150

8-9-2014 17:21:57.485 [lib_callback_miidi:30] duplicate miidi trand req:IDFA:"8005655A-C66D-4E3D-814E-7021B077DFD0"
, TrandNo:1035123
:AppName:[230,177,189,232,189,166,230,138,165,228,187,183]
 Cash:150

8-9-2014 21:11:58.957 [lib_callback_miidi:30] duplicate miidi trand req:IDFA:"8005655A-C66D-4E3D-814E-7021B077DFD0"
, TrandNo:1036124
:AppName:undefined
 Cash:150

8-9-2014 21:15:44.502 [lib_callback_miidi:30] duplicate miidi trand req:IDFA:"8005655A-C66D-4E3D-814E-7021B077DFD0"
, TrandNo:1036124
:AppName:[230,177,189,232,189,166,230,138,165,228,187,183]
 Cash:150

8-9-2014 21:22:37.102 [lib_callback_miidi:30] duplicate miidi trand req:IDFA:"8005655A-C66D-4E3D-814E-7021B077DFD0"
, TrandNo:1036124
:AppName:[230,177,189,232,189,166,230,138,165,228,187,183]
 Cash:150

8-9-2014 21:25:38.758 [lib_callback_miidi:30] duplicate miidi trand req:IDFA:"8005655A-C66D-4E3D-814E-7021B077DFD0"
, TrandNo:10363324
:AppName:"好"
 Cash:150

8-9-2014 21:26:33.758 [lib_callback_miidi:30] duplicate miidi trand req:IDFA:"8005655A-C66D-4E3D-814E-7021B077DFD0"
, TrandNo:1036324
:AppName:"haha"
 Cash:150

8-9-2014 21:35:12.368 [lib_callback_miidi:30] duplicate miidi trand req:IDFA:"8005655A-C66D-4E3D-814E-7021B077DFD0"
, TrandNo:1035124
:AppName:[230,177,189,232,189,166,230,138,165,228,187,183]
 Cash:150

8-9-2014 21:47:15.101 [lib_callback_miidi:30] duplicate miidi trand req:IDFA:"8005655A-C66D-4E3D-814E-7021B077DFD0"
, TrandNo:1055124
:AppName:[230,177,189,232,189,166,230,138,165,228,187,183]
 Cash:150

9-9-2014 0:7:25.335 [lib_callback_miidi:30] duplicate miidi trand req:IDFA:"8005655A-C66D-4E3D-814E-7021B077DFD0"
, TrandNo:1035124
:AppName:[34,230,177,189,232,189,166,230,138,165,228,187,183,34]
 Cash:150

9-9-2014 0:7:33.210 [lib_callback_miidi:30] duplicate miidi trand req:IDFA:"8005655A-C66D-4E3D-814E-7021B077DFD0"
, TrandNo:1055124
:AppName:[34,230,177,189,232,189,166,230,138,165,228,187,183,34]
 Cash:150

9-9-2014 0:9:1.194 [lib_callback_miidi:30] duplicate miidi trand req:IDFA:"8005655A-C66D-4E3D-814E-7021B077DFD0"
, TrandNo:1055124
:AppName:[230,177,189,232,189,166,230,138,165,228,187,183]
 Cash:150

9-9-2014 0:9:8.522 [lib_callback_miidi:30] duplicate miidi trand req:IDFA:"8005655A-C66D-4E3D-814E-7021B077DFD0"
, TrandNo:1055124
:AppName:[230,177,189,232,189,166,230,138,165,228,187,183]
 Cash:150

9-9-2014 0:36:22.863 [lib_callback_miidi:30] duplicate miidi trand req:IDFA:"8005655A-C66D-4E3D-814E-7021B077DFD0"
, TrandNo:1035124
:AppName:<<230,177,189,232,189,166,230,138,165,228,187,183>>
 Cash:150

9-9-2014 0:39:10.005 [lib_callback_miidi:30] duplicate miidi trand req:IDFA:"8005655A-C66D-4E3D-814E-7021B077DFD0"
, TrandNo:1035124
:AppName:<<230,177,189,232,189,166,230,138,165,228,187,183>>
 Cash:150

9-9-2014 1:15:10.260 [lib_callback_miidi:30] duplicate miidi trand req:IDFA:"8005655A-C66D-4E3D-814E-7021B077DFD0"
, TrandNo:1035124
:AppName:[27773,36710,25253,20215]
 Cash:150

9-9-2014 1:15:15.306 [lib_callback_miidi:30] duplicate miidi trand req:IDFA:"8005655A-C66D-4E3D-814E-7021B077DFD0"
, TrandNo:1035124
:AppName:[27773,36710,25253,20215]
 Cash:150

9-9-2014 1:16:34.758 [lib_callback_miidi:30] duplicate miidi trand req:IDFA:"8005655A-C66D-4E3D-814E-7021B077DFD0"
, TrandNo:1035124
:AppName:[27773,36710,25253,20215]
 Cash:150

9-9-2014 1:35:26.928002 [lib_callback_miidi:30] duplicate miidi trand req:IDFA:"8005655A-C66D-4E3D-814E-7021B077DFD0"
, TrandNo:1035124
:AppName:[27773,36710,25253,20215]
 Cash:150

