 1-6-2013 18:43:24.704792 [p_25:165] p_25,read cmd:25856, Data:<<>>
 1-6-2013 18:45:34.746792 [p_25:165] p_25,read cmd:25856, Data:<<>>
 1-6-2013 18:47:44.804792 [p_25:165] p_25,read cmd:25856, Data:<<>>
 1-6-2013 18:49:54.831792 [p_25:165] p_25,read cmd:25856, Data:<<>>
 1-6-2013 18:52:4.889792 [p_25:165] p_25,read cmd:25856, Data:<<>>
 1-6-2013 18:54:14.947792 [p_25:165] p_25,read cmd:25856, Data:<<>>
 1-6-2013 18:56:25.67791 [p_25:165] p_25,read cmd:25856, Data:<<>>
 1-6-2013 18:58:35.110792 [p_25:165] p_25,read cmd:25856, Data:<<>>
 1-6-2013 19:0:45.137792 [p_25:165] p_25,read cmd:25856, Data:<<>>
 1-6-2013 19:2:55.179792 [p_25:165] p_25,read cmd:25856, Data:<<>>
 1-6-2013 19:5:5.206792 [p_25:165] p_25,read cmd:25856, Data:<<>>
 1-6-2013 19:7:15.233792 [p_25:165] p_25,read cmd:25856, Data:<<>>
 1-6-2013 19:9:25.275792 [p_25:165] p_25,read cmd:25856, Data:<<>>
 1-6-2013 19:11:35.318791 [p_25:165] p_25,read cmd:25856, Data:<<>>
 1-6-2013 19:13:45.376792 [p_25:165] p_25,read cmd:25856, Data:<<>>
 1-6-2013 19:15:55.418792 [p_25:165] p_25,read cmd:25856, Data:<<>>
 1-6-2013 19:18:5.476792 [p_25:165] p_25,read cmd:25856, Data:<<>>
 1-6-2013 19:20:15.534792 [p_25:165] p_25,read cmd:25856, Data:<<>>
 1-6-2013 19:22:25.592792 [p_25:165] p_25,read cmd:25856, Data:<<>>
 1-6-2013 19:24:35.650792 [p_25:165] p_25,read cmd:25856, Data:<<>>
 1-6-2013 19:26:45.724792 [p_25:165] p_25,read cmd:25856, Data:<<>>
 1-6-2013 19:28:55.766792 [p_25:165] p_25,read cmd:25856, Data:<<>>
 1-6-2013 19:31:5.809792 [p_25:165] p_25,read cmd:25856, Data:<<>>
 1-6-2013 19:33:15.851792 [p_25:165] p_25,read cmd:25856, Data:<<>>
 1-6-2013 19:35:25.909792 [p_25:165] p_25,read cmd:25856, Data:<<>>
 1-6-2013 19:37:35.967792 [p_25:165] p_25,read cmd:25856, Data:<<>>
 1-6-2013 19:39:46.10792 [p_25:165] p_25,read cmd:25856, Data:<<>>
 1-6-2013 19:41:56.52792 [p_25:165] p_25,read cmd:25856, Data:<<>>
 1-6-2013 19:44:6.110792 [p_25:165] p_25,read cmd:25856, Data:<<>>
 1-6-2013 19:46:16.168792 [p_25:165] p_25,read cmd:25856, Data:<<>>
 1-6-2013 19:48:26.195792 [p_25:165] p_25,read cmd:25856, Data:<<>>
 1-6-2013 19:50:36.253792 [p_25:165] p_25,read cmd:25856, Data:<<>>
 1-6-2013 19:52:46.311792 [p_25:165] p_25,read cmd:25856, Data:<<>>
 1-6-2013 19:54:56.338792 [p_25:165] p_25,read cmd:25856, Data:<<>>
 1-6-2013 19:57:6.396792 [p_25:165] p_25,read cmd:25856, Data:<<>>
 1-6-2013 19:59:16.423792 [p_25:165] p_25,read cmd:25856, Data:<<>>
 1-6-2013 20:1:26.465792 [p_25:165] p_25,read cmd:25856, Data:<<>>
 1-6-2013 20:3:36.492792 [p_25:165] p_25,read cmd:25856, Data:<<>>
 1-6-2013 20:5:46.519792 [p_25:165] p_25,read cmd:25856, Data:<<>>
 1-6-2013 20:7:56.561792 [p_25:165] p_25,read cmd:25856, Data:<<>>
 1-6-2013 20:10:6.588792 [p_25:165] p_25,read cmd:25856, Data:<<>>
 1-6-2013 20:12:16.615793 [p_25:165] p_25,read cmd:25856, Data:<<>>
 1-6-2013 20:14:26.673792 [p_25:165] p_25,read cmd:25856, Data:<<>>
 1-6-2013 20:16:36.731792 [p_25:165] p_25,read cmd:25856, Data:<<>>
 1-6-2013 20:18:46.789792 [p_25:165] p_25,read cmd:25856, Data:<<>>
 1-6-2013 20:20:56.847792 [p_25:165] p_25,read cmd:25856, Data:<<>>
 1-6-2013 20:23:6.905792 [p_25:165] p_25,read cmd:25856, Data:<<>>
 1-6-2013 20:25:16.963792 [p_25:165] p_25,read cmd:25856, Data:<<>>
 1-6-2013 20:27:27.21792 [p_25:165] p_25,read cmd:25856, Data:<<>>
 1-6-2013 20:29:37.48792 [p_25:165] p_25,read cmd:25856, Data:<<>>
 1-6-2013 20:31:47.75792 [p_25:165] p_25,read cmd:25856, Data:<<>>
 1-6-2013 20:33:57.102792 [p_25:165] p_25,read cmd:25856, Data:<<>>
 1-6-2013 20:36:7.144792 [p_25:165] p_25,read cmd:25856, Data:<<>>
 1-6-2013 20:38:17.202792 [p_25:165] p_25,read cmd:25856, Data:<<>>
 1-6-2013 20:40:27.260792 [p_25:165] p_25,read cmd:25856, Data:<<>>
 1-6-2013 20:42:37.318792 [p_25:165] p_25,read cmd:25856, Data:<<>>
 1-6-2013 20:44:47.361792 [p_25:165] p_25,read cmd:25856, Data:<<>>
 1-6-2013 20:46:57.403792 [p_25:165] p_25,read cmd:25856, Data:<<>>
 1-6-2013 20:49:7.461792 [p_25:165] p_25,read cmd:25856, Data:<<>>
 1-6-2013 20:51:17.519792 [p_25:165] p_25,read cmd:25856, Data:<<>>
 1-6-2013 20:53:27.546792 [p_25:165] p_25,read cmd:25856, Data:<<>>
 1-6-2013 20:55:37.604792 [p_25:165] p_25,read cmd:25856, Data:<<>>
 1-6-2013 20:57:47.662792 [p_25:165] p_25,read cmd:25856, Data:<<>>
 1-6-2013 20:59:57.720792 [p_25:165] p_25,read cmd:25856, Data:<<>>
 1-6-2013 21:2:7.778792 [p_25:165] p_25,read cmd:25856, Data:<<>>
 1-6-2013 21:4:17.805792 [p_25:165] p_25,read cmd:25856, Data:<<>>
 1-6-2013 21:6:27.832792 [p_25:165] p_25,read cmd:25856, Data:<<>>
 1-6-2013 21:8:37.874632 [p_25:165] p_25,read cmd:25856, Data:<<>>
 1-6-2013 21:10:47.917632 [p_25:165] p_25,read cmd:25856, Data:<<>>
 1-6-2013 21:12:57.959632 [p_25:165] p_25,read cmd:25856, Data:<<>>
 1-6-2013 21:15:7.986632 [p_25:165] p_25,read cmd:25856, Data:<<>>
 1-6-2013 21:17:18.13632 [p_25:165] p_25,read cmd:25856, Data:<<>>
 1-6-2013 21:19:28.55632 [p_25:165] p_25,read cmd:25856, Data:<<>>
 1-6-2013 21:21:38.113632 [p_25:165] p_25,read cmd:25856, Data:<<>>
 1-6-2013 21:23:48.156632 [p_25:165] p_25,read cmd:25856, Data:<<>>
 1-6-2013 21:25:58.198632 [p_25:165] p_25,read cmd:25856, Data:<<>>
 1-6-2013 21:28:8.225632 [p_25:165] p_25,read cmd:25856, Data:<<>>
 1-6-2013 21:30:18.252632 [p_25:165] p_25,read cmd:25856, Data:<<>>
 1-6-2013 21:32:28.294632 [p_25:165] p_25,read cmd:25856, Data:<<>>
 1-6-2013 21:34:38.321632 [p_25:165] p_25,read cmd:25856, Data:<<>>
 1-6-2013 21:36:48.379632 [p_25:165] p_25,read cmd:25856, Data:<<>>
 1-6-2013 21:38:58.437632 [p_25:165] p_25,read cmd:25856, Data:<<>>
 1-6-2013 21:41:8.495632 [p_25:165] p_25,read cmd:25856, Data:<<>>
 1-6-2013 21:43:18.553632 [p_25:165] p_25,read cmd:25856, Data:<<>>
 1-6-2013 21:45:28.611632 [p_25:165] p_25,read cmd:25856, Data:<<>>
 1-6-2013 21:47:38.654633 [p_25:165] p_25,read cmd:25856, Data:<<>>
 1-6-2013 21:49:48.696632 [p_25:165] p_25,read cmd:25856, Data:<<>>
 1-6-2013 21:51:58.754632 [p_25:165] p_25,read cmd:25856, Data:<<>>
 1-6-2013 21:54:8.812632 [p_25:165] p_25,read cmd:25856, Data:<<>>
 1-6-2013 21:56:18.870632 [p_25:165] p_25,read cmd:25856, Data:<<>>
 1-6-2013 21:58:28.897677 [p_25:165] p_25,read cmd:25856, Data:<<>>
 1-6-2013 22:0:38.955632 [p_25:165] p_25,read cmd:25856, Data:<<>>
 1-6-2013 22:2:49.13632 [p_25:165] p_25,read cmd:25856, Data:<<>>
 1-6-2013 22:4:59.71632 [p_25:165] p_25,read cmd:25856, Data:<<>>
 1-6-2013 22:7:9.129632 [p_25:165] p_25,read cmd:25856, Data:<<>>
 1-6-2013 22:9:19.187632 [p_25:165] p_25,read cmd:25856, Data:<<>>
 1-6-2013 22:11:29.214632 [p_25:165] p_25,read cmd:25856, Data:<<>>
 1-6-2013 22:13:39.272632 [p_25:165] p_25,read cmd:25856, Data:<<>>
 1-6-2013 22:15:49.299632 [p_25:165] p_25,read cmd:25856, Data:<<>>
 1-6-2013 22:17:59.357632 [p_25:165] p_25,read cmd:25856, Data:<<>>
 1-6-2013 22:20:9.384632 [p_25:165] p_25,read cmd:25856, Data:<<>>
 1-6-2013 22:22:19.426632 [p_25:165] p_25,read cmd:25856, Data:<<>>
 1-6-2013 22:24:29.484632 [p_25:165] p_25,read cmd:25856, Data:<<>>
 1-6-2013 22:26:39.527632 [p_25:165] p_25,read cmd:25856, Data:<<>>
 1-6-2013 22:28:49.569632 [p_25:165] p_25,read cmd:25856, Data:<<>>
 1-6-2013 22:30:59.596632 [p_25:165] p_25,read cmd:25856, Data:<<>>
 1-6-2013 22:33:9.654632 [p_25:165] p_25,read cmd:25856, Data:<<>>
 1-6-2013 22:35:19.712632 [p_25:165] p_25,read cmd:25856, Data:<<>>
 1-6-2013 22:37:29.739632 [p_25:165] p_25,read cmd:25856, Data:<<>>
 1-6-2013 22:39:39.766633 [p_25:165] p_25,read cmd:25856, Data:<<>>
 1-6-2013 22:41:49.808632 [p_25:165] p_25,read cmd:25856, Data:<<>>
 1-6-2013 22:43:59.866632 [p_25:165] p_25,read cmd:25856, Data:<<>>
 1-6-2013 22:46:9.893632 [p_25:165] p_25,read cmd:25856, Data:<<>>
 1-6-2013 22:48:19.951633 [p_25:165] p_25,read cmd:25856, Data:<<>>
 1-6-2013 22:50:29.978632 [p_25:165] p_25,read cmd:25856, Data:<<>>
 1-6-2013 22:52:40.20632 [p_25:165] p_25,read cmd:25856, Data:<<>>
 1-6-2013 22:54:50.63632 [p_25:165] p_25,read cmd:25856, Data:<<>>
 1-6-2013 22:57:0.105632 [p_25:165] p_25,read cmd:25856, Data:<<>>
 1-6-2013 22:59:10.163632 [p_25:165] p_25,read cmd:25856, Data:<<>>
 1-6-2013 23:1:20.190632 [p_25:165] p_25,read cmd:25856, Data:<<>>
 1-6-2013 23:3:30.248632 [p_25:165] p_25,read cmd:25856, Data:<<>>
 1-6-2013 23:5:40.275632 [p_25:165] p_25,read cmd:25856, Data:<<>>
 1-6-2013 23:7:50.317632 [p_25:165] p_25,read cmd:25856, Data:<<>>
 1-6-2013 23:10:0.360632 [p_25:165] p_25,read cmd:25856, Data:<<>>
 1-6-2013 23:12:10.402632 [p_25:165] p_25,read cmd:25856, Data:<<>>
 1-6-2013 23:14:20.460632 [p_25:165] p_25,read cmd:25856, Data:<<>>
 1-6-2013 23:16:30.487632 [p_25:165] p_25,read cmd:25856, Data:<<>>
 1-6-2013 23:18:40.545632 [p_25:165] p_25,read cmd:25856, Data:<<>>
 1-6-2013 23:20:50.603632 [p_25:165] p_25,read cmd:25856, Data:<<>>
 1-6-2013 23:23:0.661632 [p_25:165] p_25,read cmd:25856, Data:<<>>
 1-6-2013 23:25:10.719632 [p_25:165] p_25,read cmd:25856, Data:<<>>
 1-6-2013 23:27:20.777632 [p_25:165] p_25,read cmd:25856, Data:<<>>
 1-6-2013 23:29:30.835632 [p_25:165] p_25,read cmd:25856, Data:<<>>
 1-6-2013 23:31:40.878633 [p_25:165] p_25,read cmd:25856, Data:<<>>
 1-6-2013 23:33:50.920632 [p_25:165] p_25,read cmd:25856, Data:<<>>
 1-6-2013 23:36:0.978632 [p_25:165] p_25,read cmd:25856, Data:<<>>
 1-6-2013 23:38:11.36632 [p_25:165] p_25,read cmd:25856, Data:<<>>
 1-6-2013 23:40:21.63633 [p_25:165] p_25,read cmd:25856, Data:<<>>
 1-6-2013 23:42:31.121632 [p_25:165] p_25,read cmd:25856, Data:<<>>
 1-6-2013 23:44:41.179632 [p_25:165] p_25,read cmd:25856, Data:<<>>
 1-6-2013 23:46:51.206632 [p_25:165] p_25,read cmd:25856, Data:<<>>
 1-6-2013 23:49:1.264632 [p_25:165] p_25,read cmd:25856, Data:<<>>
 1-6-2013 23:51:11.322632 [p_25:165] p_25,read cmd:25856, Data:<<>>
 1-6-2013 23:53:21.380632 [p_25:165] p_25,read cmd:25856, Data:<<>>
 1-6-2013 23:55:31.438632 [p_25:165] p_25,read cmd:25856, Data:<<>>
 1-6-2013 23:57:41.496632 [p_25:165] p_25,read cmd:25856, Data:<<>>
 1-6-2013 23:59:51.554632 [p_25:165] p_25,read cmd:25856, Data:<<>>
 2-6-2013 0:2:1.581632 [p_25:165] p_25,read cmd:25856, Data:<<>>
 2-6-2013 0:4:11.608632 [p_25:165] p_25,read cmd:25856, Data:<<>>
 2-6-2013 0:6:21.650632 [p_25:165] p_25,read cmd:25856, Data:<<>>
 2-6-2013 0:8:31.708632 [p_25:165] p_25,read cmd:25856, Data:<<>>
 2-6-2013 0:10:41.735632 [p_25:165] p_25,read cmd:25856, Data:<<>>
 2-6-2013 0:12:51.793632 [p_25:165] p_25,read cmd:25856, Data:<<>>
 2-6-2013 0:15:1.820632 [p_25:165] p_25,read cmd:25856, Data:<<>>
 2-6-2013 0:17:11.878632 [p_25:165] p_25,read cmd:25856, Data:<<>>
 2-6-2013 0:19:21.905632 [p_25:165] p_25,read cmd:25856, Data:<<>>
 2-6-2013 0:21:31.947632 [p_25:165] p_25,read cmd:25856, Data:<<>>
 2-6-2013 0:23:41.990633 [p_25:165] p_25,read cmd:25856, Data:<<>>
 2-6-2013 0:25:52.32632 [p_25:165] p_25,read cmd:25856, Data:<<>>
 2-6-2013 0:28:2.90632 [p_25:165] p_25,read cmd:25856, Data:<<>>
 2-6-2013 0:30:12.148632 [p_25:165] p_25,read cmd:25856, Data:<<>>
 2-6-2013 0:32:22.206632 [p_25:165] p_25,read cmd:25856, Data:<<>>
 2-6-2013 0:34:32.264632 [p_25:165] p_25,read cmd:25856, Data:<<>>
 2-6-2013 0:36:42.307632 [p_25:165] p_25,read cmd:25856, Data:<<>>
 2-6-2013 0:38:52.349632 [p_25:165] p_25,read cmd:25856, Data:<<>>
 2-6-2013 0:41:2.407632 [p_25:165] p_25,read cmd:25856, Data:<<>>
 2-6-2013 0:43:12.465632 [p_25:165] p_25,read cmd:25856, Data:<<>>
 2-6-2013 0:45:22.492632 [p_25:165] p_25,read cmd:25856, Data:<<>>
 2-6-2013 0:47:32.550632 [p_25:165] p_25,read cmd:25856, Data:<<>>
 2-6-2013 0:49:42.577632 [p_25:165] p_25,read cmd:25856, Data:<<>>
 2-6-2013 0:51:52.604632 [p_25:165] p_25,read cmd:25856, Data:<<>>
 2-6-2013 0:54:2.646632 [p_25:165] p_25,read cmd:25856, Data:<<>>
 2-6-2013 0:56:12.673632 [p_25:165] p_25,read cmd:25856, Data:<<>>
 2-6-2013 0:58:22.731633 [p_25:165] p_25,read cmd:25856, Data:<<>>
 2-6-2013 1:0:32.789632 [p_25:165] p_25,read cmd:25856, Data:<<>>
 2-6-2013 1:2:42.847632 [p_25:165] p_25,read cmd:25856, Data:<<>>
 2-6-2013 1:4:52.874632 [p_25:165] p_25,read cmd:25856, Data:<<>>
 2-6-2013 1:7:2.932632 [p_25:165] p_25,read cmd:25856, Data:<<>>
 2-6-2013 1:9:12.990632 [p_25:165] p_25,read cmd:25856, Data:<<>>
 2-6-2013 1:11:23.48632 [p_25:165] p_25,read cmd:25856, Data:<<>>
 2-6-2013 1:13:33.106677 [p_25:165] p_25,read cmd:25856, Data:<<>>
 2-6-2013 1:15:43.133632 [p_25:165] p_25,read cmd:25856, Data:<<>>
 2-6-2013 1:17:53.175632 [p_25:165] p_25,read cmd:25856, Data:<<>>
 2-6-2013 1:20:3.218632 [p_25:165] p_25,read cmd:25856, Data:<<>>
 2-6-2013 1:22:13.260632 [p_25:165] p_25,read cmd:25856, Data:<<>>
 2-6-2013 1:24:23.287633 [p_25:165] p_25,read cmd:25856, Data:<<>>
 2-6-2013 1:26:33.345632 [p_25:165] p_25,read cmd:25856, Data:<<>>
 2-6-2013 1:28:43.403632 [p_25:165] p_25,read cmd:25856, Data:<<>>
 2-6-2013 1:30:53.461632 [p_25:165] p_25,read cmd:25856, Data:<<>>
 2-6-2013 1:33:3.488632 [p_25:165] p_25,read cmd:25856, Data:<<>>
 2-6-2013 1:35:13.546632 [p_25:165] p_25,read cmd:25856, Data:<<>>
 2-6-2013 1:37:23.604632 [p_25:165] p_25,read cmd:25856, Data:<<>>
 2-6-2013 1:39:33.631632 [p_25:165] p_25,read cmd:25856, Data:<<>>
 2-6-2013 1:41:43.673632 [p_25:165] p_25,read cmd:25856, Data:<<>>
 2-6-2013 1:43:53.731632 [p_25:165] p_25,read cmd:25856, Data:<<>>
 2-6-2013 1:46:3.758632 [p_25:165] p_25,read cmd:25856, Data:<<>>
 2-6-2013 1:48:13.816632 [p_25:165] p_25,read cmd:25856, Data:<<>>
 2-6-2013 1:50:23.843633 [p_25:165] p_25,read cmd:25856, Data:<<>>
 2-6-2013 1:52:33.901632 [p_25:165] p_25,read cmd:25856, Data:<<>>
 2-6-2013 1:54:43.959632 [p_25:165] p_25,read cmd:25856, Data:<<>>
 2-6-2013 1:56:54.17632 [p_25:165] p_25,read cmd:25856, Data:<<>>
 2-6-2013 1:59:4.44632 [p_25:165] p_25,read cmd:25856, Data:<<>>
 2-6-2013 2:1:14.102632 [p_25:165] p_25,read cmd:25856, Data:<<>>
 2-6-2013 2:3:24.160632 [p_25:165] p_25,read cmd:25856, Data:<<>>
 2-6-2013 2:5:34.187632 [p_25:165] p_25,read cmd:25856, Data:<<>>
 2-6-2013 2:7:44.229632 [p_25:165] p_25,read cmd:25856, Data:<<>>
 2-6-2013 2:9:54.272632 [p_25:165] p_25,read cmd:25856, Data:<<>>
 2-6-2013 2:12:4.314632 [p_25:165] p_25,read cmd:25856, Data:<<>>
 2-6-2013 2:14:14.372632 [p_25:165] p_25,read cmd:25856, Data:<<>>
 2-6-2013 2:16:24.430632 [p_25:165] p_25,read cmd:25856, Data:<<>>
 2-6-2013 2:18:34.488632 [p_25:165] p_25,read cmd:25856, Data:<<>>
 2-6-2013 2:20:44.531632 [p_25:165] p_25,read cmd:25856, Data:<<>>
 2-6-2013 2:22:54.573632 [p_25:165] p_25,read cmd:25856, Data:<<>>
 2-6-2013 2:25:4.600632 [p_25:165] p_25,read cmd:25856, Data:<<>>
 2-6-2013 2:27:14.658632 [p_25:165] p_25,read cmd:25856, Data:<<>>
 2-6-2013 2:29:24.685632 [p_25:165] p_25,read cmd:25856, Data:<<>>
 2-6-2013 2:31:34.727632 [p_25:165] p_25,read cmd:25856, Data:<<>>
 2-6-2013 2:33:44.754632 [p_25:165] p_25,read cmd:25856, Data:<<>>
 2-6-2013 2:35:54.812632 [p_25:165] p_25,read cmd:25856, Data:<<>>
 2-6-2013 2:38:4.870632 [p_25:165] p_25,read cmd:25856, Data:<<>>
 2-6-2013 2:40:14.928632 [p_25:165] p_25,read cmd:25856, Data:<<>>
 2-6-2013 2:42:24.986632 [p_25:165] p_25,read cmd:25856, Data:<<>>
 2-6-2013 2:44:35.44632 [p_25:165] p_25,read cmd:25856, Data:<<>>
 2-6-2013 2:46:45.87632 [p_25:165] p_25,read cmd:25856, Data:<<>>
 2-6-2013 2:48:55.129632 [p_25:165] p_25,read cmd:25856, Data:<<>>
 2-6-2013 2:51:5.187632 [p_25:165] p_25,read cmd:25856, Data:<<>>
 2-6-2013 2:53:15.214632 [p_25:165] p_25,read cmd:25856, Data:<<>>
 2-6-2013 2:55:25.272632 [p_25:165] p_25,read cmd:25856, Data:<<>>
 2-6-2013 2:57:35.299632 [p_25:165] p_25,read cmd:25856, Data:<<>>
 2-6-2013 2:59:45.341632 [p_25:165] p_25,read cmd:25856, Data:<<>>
 2-6-2013 3:1:55.384632 [p_25:165] p_25,read cmd:25856, Data:<<>>
 2-6-2013 3:4:5.426632 [p_25:165] p_25,read cmd:25856, Data:<<>>
 2-6-2013 3:6:15.484632 [p_25:165] p_25,read cmd:25856, Data:<<>>
 2-6-2013 3:8:25.542632 [p_25:165] p_25,read cmd:25856, Data:<<>>
 2-6-2013 3:10:35.600632 [p_25:165] p_25,read cmd:25856, Data:<<>>
 2-6-2013 3:12:45.658630 [p_25:165] p_25,read cmd:25856, Data:<<>>
 2-6-2013 3:14:55.716630 [p_25:165] p_25,read cmd:25856, Data:<<>>
 2-6-2013 3:17:5.743632 [p_25:165] p_25,read cmd:25856, Data:<<>>
 2-6-2013 3:19:15.801632 [p_25:165] p_25,read cmd:25856, Data:<<>>
 2-6-2013 3:21:25.859632 [p_25:165] p_25,read cmd:25856, Data:<<>>
 2-6-2013 3:23:35.917632 [p_25:165] p_25,read cmd:25856, Data:<<>>
 2-6-2013 3:25:45.960632 [p_25:165] p_25,read cmd:25856, Data:<<>>
 2-6-2013 3:27:56.2632 [p_25:165] p_25,read cmd:25856, Data:<<>>
 2-6-2013 3:30:6.60632 [p_25:165] p_25,read cmd:25856, Data:<<>>
 2-6-2013 3:32:16.118632 [p_25:165] p_25,read cmd:25856, Data:<<>>
 2-6-2013 3:34:26.176632 [p_25:165] p_25,read cmd:25856, Data:<<>>
 2-6-2013 3:36:36.234632 [p_25:165] p_25,read cmd:25856, Data:<<>>
 2-6-2013 3:38:46.277632 [p_25:165] p_25,read cmd:25856, Data:<<>>
 2-6-2013 3:40:56.319632 [p_25:165] p_25,read cmd:25856, Data:<<>>
 2-6-2013 3:43:6.346632 [p_25:165] p_25,read cmd:25856, Data:<<>>
 2-6-2013 3:45:16.404632 [p_25:165] p_25,read cmd:25856, Data:<<>>
 2-6-2013 3:47:26.431632 [p_25:165] p_25,read cmd:25856, Data:<<>>
 2-6-2013 3:49:36.473632 [p_25:165] p_25,read cmd:25856, Data:<<>>
 2-6-2013 3:51:46.516632 [p_25:165] p_25,read cmd:25856, Data:<<>>
 2-6-2013 3:53:56.558632 [p_25:165] p_25,read cmd:25856, Data:<<>>
 2-6-2013 3:56:6.616632 [p_25:165] p_25,read cmd:25856, Data:<<>>
 2-6-2013 3:58:16.674632 [p_25:165] p_25,read cmd:25856, Data:<<>>
 2-6-2013 4:0:26.732632 [p_25:165] p_25,read cmd:25856, Data:<<>>
 2-6-2013 4:2:36.790632 [p_25:165] p_25,read cmd:25856, Data:<<>>
 2-6-2013 4:4:46.833632 [p_25:165] p_25,read cmd:25856, Data:<<>>
 2-6-2013 4:6:56.875632 [p_25:165] p_25,read cmd:25856, Data:<<>>
 2-6-2013 4:9:6.902632 [p_25:165] p_25,read cmd:25856, Data:<<>>
 2-6-2013 4:11:16.960632 [p_25:165] p_25,read cmd:25856, Data:<<>>
 2-6-2013 4:13:26.987632 [p_25:165] p_25,read cmd:25856, Data:<<>>
 2-6-2013 4:15:37.29632 [p_25:165] p_25,read cmd:25856, Data:<<>>
 2-6-2013 4:17:47.56632 [p_25:165] p_25,read cmd:25856, Data:<<>>
 2-6-2013 4:19:57.114632 [p_25:165] p_25,read cmd:25856, Data:<<>>
 2-6-2013 4:22:7.172632 [p_25:165] p_25,read cmd:25856, Data:<<>>
 2-6-2013 4:24:17.199632 [p_25:165] p_25,read cmd:25856, Data:<<>>
 2-6-2013 4:26:27.257632 [p_25:165] p_25,read cmd:25856, Data:<<>>
 2-6-2013 4:28:37.315632 [p_25:165] p_25,read cmd:25856, Data:<<>>
 2-6-2013 4:30:47.373632 [p_25:165] p_25,read cmd:25856, Data:<<>>
 2-6-2013 4:32:57.431632 [p_25:165] p_25,read cmd:25856, Data:<<>>
 2-6-2013 4:35:7.489632 [p_25:165] p_25,read cmd:25856, Data:<<>>
 2-6-2013 4:37:17.516632 [p_25:165] p_25,read cmd:25856, Data:<<>>
 2-6-2013 4:39:27.574632 [p_25:165] p_25,read cmd:25856, Data:<<>>
 2-6-2013 4:41:37.632632 [p_25:165] p_25,read cmd:25856, Data:<<>>
 2-6-2013 4:43:47.690632 [p_25:165] p_25,read cmd:25856, Data:<<>>
 2-6-2013 4:45:57.748632 [p_25:165] p_25,read cmd:25856, Data:<<>>
 2-6-2013 4:48:7.806632 [p_25:165] p_25,read cmd:25856, Data:<<>>
 2-6-2013 4:50:17.864632 [p_25:165] p_25,read cmd:25856, Data:<<>>
 2-6-2013 4:52:27.922634 [p_25:165] p_25,read cmd:25856, Data:<<>>
 2-6-2013 4:54:37.949632 [p_25:165] p_25,read cmd:25856, Data:<<>>
 2-6-2013 4:56:48.7632 [p_25:165] p_25,read cmd:25856, Data:<<>>
 2-6-2013 4:58:58.65632 [p_25:165] p_25,read cmd:25856, Data:<<>>
 2-6-2013 5:1:8.123632 [p_25:165] p_25,read cmd:25856, Data:<<>>
 2-6-2013 5:3:18.150632 [p_25:165] p_25,read cmd:25856, Data:<<>>
 2-6-2013 5:5:28.208632 [p_25:165] p_25,read cmd:25856, Data:<<>>
 2-6-2013 5:7:38.235632 [p_25:165] p_25,read cmd:25856, Data:<<>>
 2-6-2013 5:9:48.277632 [p_25:165] p_25,read cmd:25856, Data:<<>>
 2-6-2013 5:11:58.320632 [p_25:165] p_25,read cmd:25856, Data:<<>>
 2-6-2013 5:14:8.362632 [p_25:165] p_25,read cmd:25856, Data:<<>>
 2-6-2013 5:16:18.420632 [p_25:165] p_25,read cmd:25856, Data:<<>>
 2-6-2013 5:18:28.478634 [p_25:165] p_25,read cmd:25856, Data:<<>>
 2-6-2013 5:20:38.536632 [p_25:165] p_25,read cmd:25856, Data:<<>>
 2-6-2013 5:22:48.579632 [p_25:165] p_25,read cmd:25856, Data:<<>>
 2-6-2013 5:24:58.621632 [p_25:165] p_25,read cmd:25856, Data:<<>>
 2-6-2013 5:27:8.648632 [p_25:165] p_25,read cmd:25856, Data:<<>>
 2-6-2013 5:29:18.706632 [p_25:165] p_25,read cmd:25856, Data:<<>>
 2-6-2013 5:31:28.764632 [p_25:165] p_25,read cmd:25856, Data:<<>>
 2-6-2013 5:33:38.822632 [p_25:165] p_25,read cmd:25856, Data:<<>>
 2-6-2013 5:35:48.880632 [p_25:165] p_25,read cmd:25856, Data:<<>>
 2-6-2013 5:37:58.938632 [p_25:165] p_25,read cmd:25856, Data:<<>>
 2-6-2013 5:40:8.996632 [p_25:165] p_25,read cmd:25856, Data:<<>>
 2-6-2013 5:42:19.23632 [p_25:165] p_25,read cmd:25856, Data:<<>>
 2-6-2013 5:44:29.81632 [p_25:165] p_25,read cmd:25856, Data:<<>>
 2-6-2013 5:46:39.139632 [p_25:165] p_25,read cmd:25856, Data:<<>>
 2-6-2013 5:48:49.197632 [p_25:165] p_25,read cmd:25856, Data:<<>>
 2-6-2013 5:50:59.224632 [p_25:165] p_25,read cmd:25856, Data:<<>>
 2-6-2013 5:53:9.282632 [p_25:165] p_25,read cmd:25856, Data:<<>>
 2-6-2013 5:55:19.340632 [p_25:165] p_25,read cmd:25856, Data:<<>>
 2-6-2013 5:57:29.398632 [p_25:165] p_25,read cmd:25856, Data:<<>>
 2-6-2013 5:59:39.456632 [p_25:165] p_25,read cmd:25856, Data:<<>>
 2-6-2013 6:1:49.514632 [p_25:165] p_25,read cmd:25856, Data:<<>>
 2-6-2013 6:3:59.541632 [p_25:165] p_25,read cmd:25856, Data:<<>>
 2-6-2013 6:6:9.568632 [p_25:165] p_25,read cmd:25856, Data:<<>>
 2-6-2013 6:8:19.610633 [p_25:165] p_25,read cmd:25856, Data:<<>>
 2-6-2013 6:10:29.668632 [p_25:165] p_25,read cmd:25856, Data:<<>>
 2-6-2013 6:12:39.711632 [p_25:165] p_25,read cmd:25856, Data:<<>>
 2-6-2013 6:14:49.753632 [p_25:165] p_25,read cmd:25856, Data:<<>>
 2-6-2013 6:16:59.811632 [p_25:165] p_25,read cmd:25856, Data:<<>>
 2-6-2013 6:19:9.869632 [p_25:165] p_25,read cmd:25856, Data:<<>>
 2-6-2013 6:21:19.927632 [p_25:165] p_25,read cmd:25856, Data:<<>>
 2-6-2013 6:23:29.985632 [p_25:165] p_25,read cmd:25856, Data:<<>>
 2-6-2013 6:25:40.28632 [p_25:165] p_25,read cmd:25856, Data:<<>>
 2-6-2013 6:27:50.70632 [p_25:165] p_25,read cmd:25856, Data:<<>>
 2-6-2013 6:30:0.128632 [p_25:165] p_25,read cmd:25856, Data:<<>>
 2-6-2013 6:32:10.186632 [p_25:165] p_25,read cmd:25856, Data:<<>>
 2-6-2013 6:34:20.244632 [p_25:165] p_25,read cmd:25856, Data:<<>>
 2-6-2013 6:36:30.302632 [p_25:165] p_25,read cmd:25856, Data:<<>>
 2-6-2013 6:38:40.345632 [p_25:165] p_25,read cmd:25856, Data:<<>>
 2-6-2013 6:40:50.387632 [p_25:165] p_25,read cmd:25856, Data:<<>>
 2-6-2013 6:43:0.445632 [p_25:165] p_25,read cmd:25856, Data:<<>>
 2-6-2013 6:45:10.503632 [p_25:165] p_25,read cmd:25856, Data:<<>>
 2-6-2013 6:47:20.561632 [p_25:165] p_25,read cmd:25856, Data:<<>>
 2-6-2013 6:49:30.619633 [p_25:165] p_25,read cmd:25856, Data:<<>>
 2-6-2013 6:51:40.693632 [p_25:165] p_25,read cmd:25856, Data:<<>>
 2-6-2013 6:53:50.735632 [p_25:165] p_25,read cmd:25856, Data:<<>>
 2-6-2013 6:56:0.778632 [p_25:165] p_25,read cmd:25856, Data:<<>>
 2-6-2013 6:58:10.820632 [p_25:165] p_25,read cmd:25856, Data:<<>>
 2-6-2013 7:0:20.878632 [p_25:165] p_25,read cmd:25856, Data:<<>>
 2-6-2013 7:2:30.905632 [p_25:165] p_25,read cmd:25856, Data:<<>>
 2-6-2013 7:4:40.963632 [p_25:165] p_25,read cmd:25856, Data:<<>>
 2-6-2013 7:6:50.990632 [p_25:165] p_25,read cmd:25856, Data:<<>>
 2-6-2013 7:9:1.48632 [p_25:165] p_25,read cmd:25856, Data:<<>>
 2-6-2013 7:11:11.75632 [p_25:165] p_25,read cmd:25856, Data:<<>>
 2-6-2013 7:13:21.117632 [p_25:165] p_25,read cmd:25856, Data:<<>>
 2-6-2013 7:15:31.144632 [p_25:165] p_25,read cmd:25856, Data:<<>>
 2-6-2013 7:17:41.202632 [p_25:165] p_25,read cmd:25856, Data:<<>>
 2-6-2013 7:19:51.260632 [p_25:165] p_25,read cmd:25856, Data:<<>>
 2-6-2013 7:22:1.318632 [p_25:165] p_25,read cmd:25856, Data:<<>>
 2-6-2013 7:24:11.376632 [p_25:165] p_25,read cmd:25856, Data:<<>>
 2-6-2013 7:26:21.403632 [p_25:165] p_25,read cmd:25856, Data:<<>>
 2-6-2013 7:28:31.461632 [p_25:165] p_25,read cmd:25856, Data:<<>>
 2-6-2013 7:30:41.488632 [p_25:165] p_25,read cmd:25856, Data:<<>>
 2-6-2013 7:32:51.530635 [p_25:165] p_25,read cmd:25856, Data:<<>>
 2-6-2013 7:35:1.573632 [p_25:165] p_25,read cmd:25856, Data:<<>>
 2-6-2013 7:37:11.615632 [p_25:165] p_25,read cmd:25856, Data:<<>>
 2-6-2013 7:39:21.673632 [p_25:165] p_25,read cmd:25856, Data:<<>>
 2-6-2013 7:41:31.731632 [p_25:165] p_25,read cmd:25856, Data:<<>>
 2-6-2013 7:43:41.774632 [p_25:165] p_25,read cmd:25856, Data:<<>>
 2-6-2013 7:45:51.816632 [p_25:165] p_25,read cmd:25856, Data:<<>>
 2-6-2013 7:48:1.874632 [p_25:165] p_25,read cmd:25856, Data:<<>>
 2-6-2013 7:50:11.932632 [p_25:165] p_25,read cmd:25856, Data:<<>>
 2-6-2013 7:52:21.959632 [p_25:165] p_25,read cmd:25856, Data:<<>>
 2-6-2013 7:54:31.986632 [p_25:165] p_25,read cmd:25856, Data:<<>>
 2-6-2013 7:56:42.28632 [p_25:165] p_25,read cmd:25856, Data:<<>>
 2-6-2013 7:58:52.55632 [p_25:165] p_25,read cmd:25856, Data:<<>>
 2-6-2013 8:1:2.82632 [p_25:165] p_25,read cmd:25856, Data:<<>>
 2-6-2013 8:3:12.140632 [p_25:165] p_25,read cmd:25856, Data:<<>>
 2-6-2013 8:5:22.198632 [p_25:165] p_25,read cmd:25856, Data:<<>>
 2-6-2013 8:7:32.256632 [p_25:165] p_25,read cmd:25856, Data:<<>>
 2-6-2013 8:9:42.314632 [p_25:165] p_25,read cmd:25856, Data:<<>>
 2-6-2013 8:11:52.341632 [p_25:165] p_25,read cmd:25856, Data:<<>>
 2-6-2013 8:14:2.399632 [p_25:165] p_25,read cmd:25856, Data:<<>>
 2-6-2013 8:16:12.426632 [p_25:165] p_25,read cmd:25856, Data:<<>>
 2-6-2013 8:18:22.468632 [p_25:165] p_25,read cmd:25856, Data:<<>>
 2-6-2013 8:20:32.526632 [p_25:165] p_25,read cmd:25856, Data:<<>>
 2-6-2013 8:22:42.553632 [p_25:165] p_25,read cmd:25856, Data:<<>>
 2-6-2013 8:24:52.611632 [p_25:165] p_25,read cmd:25856, Data:<<>>
 2-6-2013 8:27:2.669632 [p_25:165] p_25,read cmd:25856, Data:<<>>
 2-6-2013 8:29:12.727632 [p_25:165] p_25,read cmd:25856, Data:<<>>
 2-6-2013 8:31:22.785632 [p_25:165] p_25,read cmd:25856, Data:<<>>
 2-6-2013 8:33:32.843632 [p_25:165] p_25,read cmd:25856, Data:<<>>
 2-6-2013 8:35:42.886632 [p_25:165] p_25,read cmd:25856, Data:<<>>
 2-6-2013 8:37:52.928632 [p_25:165] p_25,read cmd:25856, Data:<<>>
 2-6-2013 8:40:2.986632 [p_25:165] p_25,read cmd:25856, Data:<<>>
 2-6-2013 8:42:13.44632 [p_25:165] p_25,read cmd:25856, Data:<<>>
 2-6-2013 8:44:23.102632 [p_25:165] p_25,read cmd:25856, Data:<<>>
 2-6-2013 8:46:33.129632 [p_25:165] p_25,read cmd:25856, Data:<<>>
 2-6-2013 8:48:43.187632 [p_25:165] p_25,read cmd:25856, Data:<<>>
 2-6-2013 8:50:53.214632 [p_25:165] p_25,read cmd:25856, Data:<<>>
 2-6-2013 8:53:3.272632 [p_25:165] p_25,read cmd:25856, Data:<<>>
 2-6-2013 8:55:13.330632 [p_25:165] p_25,read cmd:25856, Data:<<>>
 2-6-2013 8:57:23.388632 [p_25:165] p_25,read cmd:25856, Data:<<>>
 2-6-2013 8:59:33.415632 [p_25:165] p_25,read cmd:25856, Data:<<>>
 2-6-2013 9:1:43.457632 [p_25:165] p_25,read cmd:25856, Data:<<>>
 2-6-2013 9:3:53.500632 [p_25:165] p_25,read cmd:25856, Data:<<>>
 2-6-2013 9:6:3.542632 [p_25:165] p_25,read cmd:25856, Data:<<>>
 2-6-2013 9:8:13.600632 [p_25:165] p_25,read cmd:25856, Data:<<>>
 2-6-2013 9:10:23.627632 [p_25:165] p_25,read cmd:25856, Data:<<>>
 2-6-2013 9:12:33.685632 [p_25:165] p_25,read cmd:25856, Data:<<>>
 2-6-2013 9:14:43.743632 [p_25:165] p_25,read cmd:25856, Data:<<>>
 2-6-2013 9:16:53.801632 [p_25:165] p_25,read cmd:25856, Data:<<>>
 2-6-2013 9:19:3.828632 [p_25:165] p_25,read cmd:25856, Data:<<>>
 2-6-2013 9:21:13.886632 [p_25:165] p_25,read cmd:25856, Data:<<>>
 2-6-2013 9:23:23.944632 [p_25:165] p_25,read cmd:25856, Data:<<>>
 2-6-2013 9:25:33.971632 [p_25:165] p_25,read cmd:25856, Data:<<>>
 2-6-2013 9:27:43.998632 [p_25:165] p_25,read cmd:25856, Data:<<>>
 2-6-2013 9:29:54.40632 [p_25:165] p_25,read cmd:25856, Data:<<>>
 2-6-2013 9:32:4.67632 [p_25:165] p_25,read cmd:25856, Data:<<>>
 2-6-2013 9:34:14.94632 [p_25:165] p_25,read cmd:25856, Data:<<>>
 2-6-2013 9:36:24.136632 [p_25:165] p_25,read cmd:25856, Data:<<>>
 2-6-2013 9:38:34.163632 [p_25:165] p_25,read cmd:25856, Data:<<>>
 2-6-2013 9:40:44.190632 [p_25:165] p_25,read cmd:25856, Data:<<>>
 2-6-2013 9:42:54.232634 [p_25:165] p_25,read cmd:25856, Data:<<>>
 2-6-2013 9:45:4.259632 [p_25:165] p_25,read cmd:25856, Data:<<>>
 2-6-2013 9:47:14.286632 [p_25:165] p_25,read cmd:25856, Data:<<>>
 2-6-2013 9:49:24.313632 [p_25:165] p_25,read cmd:25856, Data:<<>>
 2-6-2013 9:51:34.355632 [p_25:165] p_25,read cmd:25856, Data:<<>>
 2-6-2013 9:53:44.382632 [p_25:165] p_25,read cmd:25856, Data:<<>>
 10-6-2013 14:10:28.506037 [mod_guild_pet_market:102] mod_guild handle_info is Info:{data_sync}, Reason:{badmatch,
                                                                              {error,
                                                                               {timeout,
                                                                                {gen_server,
                                                                                 call,
                                                                                 [mysql_dispatcher,
                                                                                  {fetch,
                                                                                   mysql_conn_pool_game,
                                                                                   ["replace into `",
                                                                                    "guild_pet_market",
                                                                                    "`(",
                                                                                    "`template_id`,`circulation`,`daily_buy`,`daily_sell`,`daily_trade`,`start_price`,`now_price`",
                                                                                    ") values",
                                                                                    "(7,1000000,0,0,0,64000,64000),(6,1000000,0,0,0,60000,60000),(4,1000000,0,0,0,50000,50000),(1,1000000,0,0,0,30000,30000),(9,1000000,0,0,0,80000,80000),(8,1000000,0,0,0,72000,72000),(2,1000000,0,0,0,32000,32000),(3,1000000,0,0,0,40000,40000),(5,1000000,0,0,0,55000,55000)",
                                                                                    ";"]},
                                                                                  20000]}}}}, Trace:[{db_agent_guild_pet_market,
                                                                                                      update_guild_pet_market,
                                                                                                      1,
                                                                                                      [{file,
                                                                                                        "src/db/db_agent_guild_pet_market.erl"},
                                                                                                       {line,
                                                                                                        38}]},
                                                                                                     {lib_guild_pet_market,
                                                                                                      sync,
                                                                                                      0,
                                                                                                      [{file,
                                                                                                        "src/lib/guild_pet_market/lib_guild_pet_market.erl"},
                                                                                                       {line,
                                                                                                        168}]},
                                                                                                     {mod_guild_pet_market,
                                                                                                      do_info,
                                                                                                      2,
                                                                                                      [{file,
                                                                                                        "src/mod/mod_guild_pet_market.erl"},
                                                                                                       {line,
                                                                                                        180}]},
                                                                                                     {mod_guild_pet_market,
                                                                                                      handle_info,
                                                                                                      2,
                                                                                                      [{file,
                                                                                                        "src/mod/mod_guild_pet_market.erl"},
                                                                                                       {line,
                                                                                                        98}]},
                                                                                                     {gen_server,
                                                                                                      handle_msg,
                                                                                                      5,
                                                                                                      [{file,
                                                                                                        "gen_server.erl"},
                                                                                                       {line,
                                                                                                        607}]},
                                                                                                     {proc_lib,
                                                                                                      init_p_do_apply,
                                                                                                      3,
                                                                                                      [{file,
                                                                                                        "proc_lib.erl"},
                                                                                                       {line,
                                                                                                        227}]}], State:[]
 10-6-2013 14:10:28.740000 [mod_guild_pet_market:189] guild_logger info is not match:{#Ref<0.0.7.99504>,
                                                           {updated,
                                                            {mysql_result,[],
                                                             [],9,0,[],0,[]}}}
 15-7-2013 13:15:35.505960 [mod_guild_pet:102] mod_guild handle_info is Info:{data_sync}, Reason:undef, Trace:[{lib_guild_pet_base,
                                                                                     sync,
                                                                                     [],
                                                                                     []},
                                                                                    {mod_guild_pet,
                                                                                     do_info,
                                                                                     2,
                                                                                     [{file,
                                                                                       "src/mod/mod_guild_pet.erl"},
                                                                                      {line,
                                                                                       230}]},
                                                                                    {mod_guild_pet,
                                                                                     handle_info,
                                                                                     2,
                                                                                     [{file,
                                                                                       "src/mod/mod_guild_pet.erl"},
                                                                                      {line,
                                                                                       98}]},
                                                                                    {gen_server,
                                                                                     handle_msg,
                                                                                     5,
                                                                                     [{file,
                                                                                       "gen_server.erl"},
                                                                                      {line,
                                                                                       607}]},
                                                                                    {proc_lib,
                                                                                     init_p_do_apply,
                                                                                     3,
                                                                                     [{file,
                                                                                       "proc_lib.erl"},
                                                                                      {line,
                                                                                       227}]}], State:[]
 15-7-2013 13:15:35.521960 [mod_guild:102] mod_guild handle_info is Info:{data_sync}, Reason:undef, Trace:[{lib_guild_base,
                                                                                 sync,
                                                                                 [],
                                                                                 []},
                                                                                {mod_guild,
                                                                                 do_info,
                                                                                 2,
                                                                                 [{file,
                                                                                   "src/mod/mod_guild.erl"},
                                                                                  {line,
                                                                                   461}]},
                                                                                {mod_guild,
                                                                                 handle_info,
                                                                                 2,
                                                                                 [{file,
                                                                                   "src/mod/mod_guild.erl"},
                                                                                  {line,
                                                                                   98}]},
                                                                                {gen_server,
                                                                                 handle_msg,
                                                                                 5,
                                                                                 [{file,
                                                                                   "gen_server.erl"},
                                                                                  {line,
                                                                                   607}]},
                                                                                {proc_lib,
                                                                                 init_p_do_apply,
                                                                                 3,
                                                                                 [{file,
                                                                                   "proc_lib.erl"},
                                                                                  {line,
                                                                                   227}]}], State:[]
