 29-3-2013 17:23:42.323681 [mod_storage_file:116] storage_file handle_info is Info:init, Reason:badarg, Trace:[{dets,
                                                                                     open_file,
                                                                                     [dets_key_storage_peon,
                                                                                      [{access,
                                                                                        read_write},
                                                                                       {type,
                                                                                        ordered_set},
                                                                                       {keypos,
                                                                                        2},
                                                                                       {auto_save,
                                                                                        infinity},
                                                                                       {version,
                                                                                        9}]],
                                                                                     [{file,
                                                                                       "dets.erl"},
                                                                                      {line,
                                                                                       654}]},
                                                                                    {lib_storage_file_peon,
                                                                                     init,
                                                                                     0,
                                                                                     [{file,
                                                                                       "src/lib/storage_file/lib_storage_file_peon.erl"},
                                                                                      {line,
                                                                                       35}]},
                                                                                    {lib_storage_file,
                                                                                     init,
                                                                                     0,
                                                                                     [{file,
                                                                                       "src/lib/storage_file/lib_storage_file.erl"},
                                                                                      {line,
                                                                                       41}]},
                                                                                    {mod_storage_file,
                                                                                     do_info,
                                                                                     2,
                                                                                     [{file,
                                                                                       "src/mod/mod_storage_file.erl"},
                                                                                      {line,
                                                                                       181}]},
                                                                                    {mod_storage_file,
                                                                                     handle_info,
                                                                                     2,
                                                                                     [{file,
                                                                                       "src/mod/mod_storage_file.erl"},
                                                                                      {line,
                                                                                       112}]},
                                                                                    {gen_server,
                                                                                     handle_msg,
                                                                                     5,
                                                                                     [{file,
                                                                                       "gen_server.erl"},
                                                                                      {line,
                                                                                       607}]},
                                                                                    {proc_lib,
                                                                                     init_p_do_apply,
                                                                                     3,
                                                                                     [{file,
                                                                                       "proc_lib.erl"},
                                                                                      {line,
                                                                                       227}]}], State:{storage_file_state,
                                                                                                       1}
